<?xml version="1.0" encoding="UTF-8"?>
<testsuite xmlns:xsi="http://www.w3.org/2001/XMLSchema-instance" xsi:noNamespaceSchemaLocation="https://maven.apache.org/surefire/maven-surefire-plugin/xsd/surefire-test-report.xsd" name="tweetoscope.tweetsFilter.TextLengthFilterTest" time="0.175" tests="1" errors="0" skipped="0" failures="0">
  <properties>
    <property name="sun.desktop" value="gnome"/>
    <property name="awt.toolkit" value="sun.awt.X11.XToolkit"/>
    <property name="java.specification.version" value="11"/>
    <property name="sun.cpu.isalist" value=""/>
    <property name="sun.jnu.encoding" value="UTF-8"/>
    <property name="java.class.path" value="/home/ilyas/Desktop/tweetoscope22_group-8_haowang_younesslaklouch_ilyasmoutawwakil/Tweet/target/test-classes:/home/ilyas/Desktop/tweetoscope22_group-8_haowang_younesslaklouch_ilyasmoutawwakil/Tweet/target/classes:/home/ilyas/.m2/repository/junit/junit/4.11/junit-4.11.jar:/home/ilyas/.m2/repository/org/hamcrest/hamcrest-core/1.3/hamcrest-core-1.3.jar:/home/ilyas/.m2/repository/com/twitter/twitter-api-java-sdk/1.1.4/twitter-api-java-sdk-1.1.4.jar:/home/ilyas/.m2/repository/io/swagger/swagger-annotations/1.6.3/swagger-annotations-1.6.3.jar:/home/ilyas/.m2/repository/com/google/code/findbugs/jsr305/3.0.2/jsr305-3.0.2.jar:/home/ilyas/.m2/repository/com/squareup/okhttp3/okhttp/4.9.2/okhttp-4.9.2.jar:/home/ilyas/.m2/repository/com/squareup/okio/okio/2.8.0/okio-2.8.0.jar:/home/ilyas/.m2/repository/org/jetbrains/kotlin/kotlin-stdlib-common/1.4.0/kotlin-stdlib-common-1.4.0.jar:/home/ilyas/.m2/repository/org/jetbrains/kotlin/kotlin-stdlib/1.4.10/kotlin-stdlib-1.4.10.jar:/home/ilyas/.m2/repository/org/jetbrains/annotations/13.0/annotations-13.0.jar:/home/ilyas/.m2/repository/com/squareup/okhttp3/logging-interceptor/4.9.2/logging-interceptor-4.9.2.jar:/home/ilyas/.m2/repository/org/jetbrains/kotlin/kotlin-stdlib-jdk8/1.4.10/kotlin-stdlib-jdk8-1.4.10.jar:/home/ilyas/.m2/repository/org/jetbrains/kotlin/kotlin-stdlib-jdk7/1.4.10/kotlin-stdlib-jdk7-1.4.10.jar:/home/ilyas/.m2/repository/io/gsonfire/gson-fire/1.8.5/gson-fire-1.8.5.jar:/home/ilyas/.m2/repository/org/apache/oltu/oauth2/org.apache.oltu.oauth2.client/1.0.1/org.apache.oltu.oauth2.client-1.0.1.jar:/home/ilyas/.m2/repository/org/apache/oltu/oauth2/org.apache.oltu.oauth2.common/1.0.1/org.apache.oltu.oauth2.common-1.0.1.jar:/home/ilyas/.m2/repository/org/json/json/20140107/json-20140107.jar:/home/ilyas/.m2/repository/org/apache/commons/commons-lang3/3.12.0/commons-lang3-3.12.0.jar:/home/ilyas/.m2/repository/com/twitter/joauth/6.0.3/joauth-6.0.3.jar:/home/ilyas/.m2/repository/com/google/guava/guava/15.0/guava-15.0.jar:/home/ilyas/.m2/repository/javax/ws/rs/jsr311-api/1.1.1/jsr311-api-1.1.1.jar:/home/ilyas/.m2/repository/javax/ws/rs/javax.ws.rs-api/2.0/javax.ws.rs-api-2.0.jar:/home/ilyas/.m2/repository/com/github/scribejava/scribejava-apis/8.3.1/scribejava-apis-8.3.1.jar:/home/ilyas/.m2/repository/com/github/scribejava/scribejava-core/8.3.1/scribejava-core-8.3.1.jar:/home/ilyas/.m2/repository/com/github/scribejava/scribejava-java8/8.3.1/scribejava-java8-8.3.1.jar:/home/ilyas/.m2/repository/org/openapitools/jackson-databind-nullable/0.2.1/jackson-databind-nullable-0.2.1.jar:/home/ilyas/.m2/repository/com/fasterxml/jackson/core/jackson-databind/2.13.3/jackson-databind-2.13.3.jar:/home/ilyas/.m2/repository/com/fasterxml/jackson/core/jackson-annotations/2.13.3/jackson-annotations-2.13.3.jar:/home/ilyas/.m2/repository/com/fasterxml/jackson/core/jackson-core/2.13.3/jackson-core-2.13.3.jar:/home/ilyas/.m2/repository/org/apache/httpcomponents/httpclient/4.5.13/httpclient-4.5.13.jar:/home/ilyas/.m2/repository/org/apache/httpcomponents/httpcore/4.4.13/httpcore-4.4.13.jar:/home/ilyas/.m2/repository/commons-logging/commons-logging/1.2/commons-logging-1.2.jar:/home/ilyas/.m2/repository/commons-codec/commons-codec/1.11/commons-codec-1.11.jar:/home/ilyas/.m2/repository/com/twitter/twittertext/twitter-text/3.1.0/twitter-text-3.1.0.jar:/home/ilyas/.m2/repository/org/jfree/jfreechart/1.5.3/jfreechart-1.5.3.jar:/home/ilyas/.m2/repository/org/jfree/jcommon/1.0.24/jcommon-1.0.24.jar:/home/ilyas/.m2/repository/commons-cli/commons-cli/1.5.0/commons-cli-1.5.0.jar:/home/ilyas/.m2/repository/commons-io/commons-io/2.11.0/commons-io-2.11.0.jar:/home/ilyas/.m2/repository/com/launchdarkly/okhttp-eventsource/2.7.1/okhttp-eventsource-2.7.1.jar:/home/ilyas/.m2/repository/com/launchdarkly/launchdarkly-logging/1.1.0/launchdarkly-logging-1.1.0.jar:/home/ilyas/.m2/repository/org/slf4j/slf4j-api/1.7.22/slf4j-api-1.7.22.jar:/home/ilyas/.m2/repository/org/apache/kafka/kafka-clients/3.3.1/kafka-clients-3.3.1.jar:/home/ilyas/.m2/repository/com/github/luben/zstd-jni/1.5.2-1/zstd-jni-1.5.2-1.jar:/home/ilyas/.m2/repository/org/lz4/lz4-java/1.8.0/lz4-java-1.8.0.jar:/home/ilyas/.m2/repository/org/xerial/snappy/snappy-java/1.1.8.4/snappy-java-1.1.8.4.jar:/home/ilyas/.m2/repository/ch/qos/reload4j/reload4j/1.2.22/reload4j-1.2.22.jar:/home/ilyas/.m2/repository/com/google/code/gson/gson/2.9.1/gson-2.9.1.jar:/home/ilyas/.m2/repository/org/apache/kafka/kafka-streams/3.3.1/kafka-streams-3.3.1.jar:/home/ilyas/.m2/repository/org/rocksdb/rocksdbjni/6.29.4.1/rocksdbjni-6.29.4.1.jar:/home/ilyas/.m2/repository/com/alibaba/fastjson/2.0.15/fastjson-2.0.15.jar:/home/ilyas/.m2/repository/com/alibaba/fastjson2/fastjson2-extension/2.0.15/fastjson2-extension-2.0.15.jar:/home/ilyas/.m2/repository/com/alibaba/fastjson2/fastjson2/2.0.15/fastjson2-2.0.15.jar:/home/ilyas/.m2/repository/org/junit/jupiter/junit-jupiter/5.9.1/junit-jupiter-5.9.1.jar:/home/ilyas/.m2/repository/org/junit/jupiter/junit-jupiter-api/5.9.1/junit-jupiter-api-5.9.1.jar:/home/ilyas/.m2/repository/org/opentest4j/opentest4j/1.2.0/opentest4j-1.2.0.jar:/home/ilyas/.m2/repository/org/junit/platform/junit-platform-commons/1.9.1/junit-platform-commons-1.9.1.jar:/home/ilyas/.m2/repository/org/apiguardian/apiguardian-api/1.1.2/apiguardian-api-1.1.2.jar:/home/ilyas/.m2/repository/org/junit/jupiter/junit-jupiter-params/5.9.1/junit-jupiter-params-5.9.1.jar:/home/ilyas/.m2/repository/org/junit/jupiter/junit-jupiter-engine/5.9.1/junit-jupiter-engine-5.9.1.jar:/home/ilyas/.m2/repository/org/junit/platform/junit-platform-engine/1.9.1/junit-platform-engine-1.9.1.jar:"/>
    <property name="java.vm.vendor" value="Ubuntu"/>
    <property name="sun.arch.data.model" value="64"/>
    <property name="java.vendor.url" value="https://ubuntu.com/"/>
    <property name="user.timezone" value=""/>
    <property name="java.vm.specification.version" value="11"/>
    <property name="os.name" value="Linux"/>
    <property name="sun.java.launcher" value="SUN_STANDARD"/>
    <property name="user.country" value="US"/>
    <property name="sun.boot.library.path" value="/usr/lib/jvm/java-11-openjdk-amd64/lib"/>
    <property name="sun.java.command" value="/home/ilyas/Desktop/tweetoscope22_group-8_haowang_younesslaklouch_ilyasmoutawwakil/Tweet/target/surefire/surefirebooter9379266873164614035.jar /home/ilyas/Desktop/tweetoscope22_group-8_haowang_younesslaklouch_ilyasmoutawwakil/Tweet/target/surefire 2022-12-13T06-29-42_147-jvmRun1 surefire14376512032999110922tmp surefire_014250018730637527577tmp"/>
    <property name="jdk.debug" value="release"/>
    <property name="surefire.test.class.path" value="/home/ilyas/Desktop/tweetoscope22_group-8_haowang_younesslaklouch_ilyasmoutawwakil/Tweet/target/test-classes:/home/ilyas/Desktop/tweetoscope22_group-8_haowang_younesslaklouch_ilyasmoutawwakil/Tweet/target/classes:/home/ilyas/.m2/repository/junit/junit/4.11/junit-4.11.jar:/home/ilyas/.m2/repository/org/hamcrest/hamcrest-core/1.3/hamcrest-core-1.3.jar:/home/ilyas/.m2/repository/com/twitter/twitter-api-java-sdk/1.1.4/twitter-api-java-sdk-1.1.4.jar:/home/ilyas/.m2/repository/io/swagger/swagger-annotations/1.6.3/swagger-annotations-1.6.3.jar:/home/ilyas/.m2/repository/com/google/code/findbugs/jsr305/3.0.2/jsr305-3.0.2.jar:/home/ilyas/.m2/repository/com/squareup/okhttp3/okhttp/4.9.2/okhttp-4.9.2.jar:/home/ilyas/.m2/repository/com/squareup/okio/okio/2.8.0/okio-2.8.0.jar:/home/ilyas/.m2/repository/org/jetbrains/kotlin/kotlin-stdlib-common/1.4.0/kotlin-stdlib-common-1.4.0.jar:/home/ilyas/.m2/repository/org/jetbrains/kotlin/kotlin-stdlib/1.4.10/kotlin-stdlib-1.4.10.jar:/home/ilyas/.m2/repository/org/jetbrains/annotations/13.0/annotations-13.0.jar:/home/ilyas/.m2/repository/com/squareup/okhttp3/logging-interceptor/4.9.2/logging-interceptor-4.9.2.jar:/home/ilyas/.m2/repository/org/jetbrains/kotlin/kotlin-stdlib-jdk8/1.4.10/kotlin-stdlib-jdk8-1.4.10.jar:/home/ilyas/.m2/repository/org/jetbrains/kotlin/kotlin-stdlib-jdk7/1.4.10/kotlin-stdlib-jdk7-1.4.10.jar:/home/ilyas/.m2/repository/io/gsonfire/gson-fire/1.8.5/gson-fire-1.8.5.jar:/home/ilyas/.m2/repository/org/apache/oltu/oauth2/org.apache.oltu.oauth2.client/1.0.1/org.apache.oltu.oauth2.client-1.0.1.jar:/home/ilyas/.m2/repository/org/apache/oltu/oauth2/org.apache.oltu.oauth2.common/1.0.1/org.apache.oltu.oauth2.common-1.0.1.jar:/home/ilyas/.m2/repository/org/json/json/20140107/json-20140107.jar:/home/ilyas/.m2/repository/org/apache/commons/commons-lang3/3.12.0/commons-lang3-3.12.0.jar:/home/ilyas/.m2/repository/com/twitter/joauth/6.0.3/joauth-6.0.3.jar:/home/ilyas/.m2/repository/com/google/guava/guava/15.0/guava-15.0.jar:/home/ilyas/.m2/repository/javax/ws/rs/jsr311-api/1.1.1/jsr311-api-1.1.1.jar:/home/ilyas/.m2/repository/javax/ws/rs/javax.ws.rs-api/2.0/javax.ws.rs-api-2.0.jar:/home/ilyas/.m2/repository/com/github/scribejava/scribejava-apis/8.3.1/scribejava-apis-8.3.1.jar:/home/ilyas/.m2/repository/com/github/scribejava/scribejava-core/8.3.1/scribejava-core-8.3.1.jar:/home/ilyas/.m2/repository/com/github/scribejava/scribejava-java8/8.3.1/scribejava-java8-8.3.1.jar:/home/ilyas/.m2/repository/org/openapitools/jackson-databind-nullable/0.2.1/jackson-databind-nullable-0.2.1.jar:/home/ilyas/.m2/repository/com/fasterxml/jackson/core/jackson-databind/2.13.3/jackson-databind-2.13.3.jar:/home/ilyas/.m2/repository/com/fasterxml/jackson/core/jackson-annotations/2.13.3/jackson-annotations-2.13.3.jar:/home/ilyas/.m2/repository/com/fasterxml/jackson/core/jackson-core/2.13.3/jackson-core-2.13.3.jar:/home/ilyas/.m2/repository/org/apache/httpcomponents/httpclient/4.5.13/httpclient-4.5.13.jar:/home/ilyas/.m2/repository/org/apache/httpcomponents/httpcore/4.4.13/httpcore-4.4.13.jar:/home/ilyas/.m2/repository/commons-logging/commons-logging/1.2/commons-logging-1.2.jar:/home/ilyas/.m2/repository/commons-codec/commons-codec/1.11/commons-codec-1.11.jar:/home/ilyas/.m2/repository/com/twitter/twittertext/twitter-text/3.1.0/twitter-text-3.1.0.jar:/home/ilyas/.m2/repository/org/jfree/jfreechart/1.5.3/jfreechart-1.5.3.jar:/home/ilyas/.m2/repository/org/jfree/jcommon/1.0.24/jcommon-1.0.24.jar:/home/ilyas/.m2/repository/commons-cli/commons-cli/1.5.0/commons-cli-1.5.0.jar:/home/ilyas/.m2/repository/commons-io/commons-io/2.11.0/commons-io-2.11.0.jar:/home/ilyas/.m2/repository/com/launchdarkly/okhttp-eventsource/2.7.1/okhttp-eventsource-2.7.1.jar:/home/ilyas/.m2/repository/com/launchdarkly/launchdarkly-logging/1.1.0/launchdarkly-logging-1.1.0.jar:/home/ilyas/.m2/repository/org/slf4j/slf4j-api/1.7.22/slf4j-api-1.7.22.jar:/home/ilyas/.m2/repository/org/apache/kafka/kafka-clients/3.3.1/kafka-clients-3.3.1.jar:/home/ilyas/.m2/repository/com/github/luben/zstd-jni/1.5.2-1/zstd-jni-1.5.2-1.jar:/home/ilyas/.m2/repository/org/lz4/lz4-java/1.8.0/lz4-java-1.8.0.jar:/home/ilyas/.m2/repository/org/xerial/snappy/snappy-java/1.1.8.4/snappy-java-1.1.8.4.jar:/home/ilyas/.m2/repository/ch/qos/reload4j/reload4j/1.2.22/reload4j-1.2.22.jar:/home/ilyas/.m2/repository/com/google/code/gson/gson/2.9.1/gson-2.9.1.jar:/home/ilyas/.m2/repository/org/apache/kafka/kafka-streams/3.3.1/kafka-streams-3.3.1.jar:/home/ilyas/.m2/repository/org/rocksdb/rocksdbjni/6.29.4.1/rocksdbjni-6.29.4.1.jar:/home/ilyas/.m2/repository/com/alibaba/fastjson/2.0.15/fastjson-2.0.15.jar:/home/ilyas/.m2/repository/com/alibaba/fastjson2/fastjson2-extension/2.0.15/fastjson2-extension-2.0.15.jar:/home/ilyas/.m2/repository/com/alibaba/fastjson2/fastjson2/2.0.15/fastjson2-2.0.15.jar:/home/ilyas/.m2/repository/org/junit/jupiter/junit-jupiter/5.9.1/junit-jupiter-5.9.1.jar:/home/ilyas/.m2/repository/org/junit/jupiter/junit-jupiter-api/5.9.1/junit-jupiter-api-5.9.1.jar:/home/ilyas/.m2/repository/org/opentest4j/opentest4j/1.2.0/opentest4j-1.2.0.jar:/home/ilyas/.m2/repository/org/junit/platform/junit-platform-commons/1.9.1/junit-platform-commons-1.9.1.jar:/home/ilyas/.m2/repository/org/apiguardian/apiguardian-api/1.1.2/apiguardian-api-1.1.2.jar:/home/ilyas/.m2/repository/org/junit/jupiter/junit-jupiter-params/5.9.1/junit-jupiter-params-5.9.1.jar:/home/ilyas/.m2/repository/org/junit/jupiter/junit-jupiter-engine/5.9.1/junit-jupiter-engine-5.9.1.jar:/home/ilyas/.m2/repository/org/junit/platform/junit-platform-engine/1.9.1/junit-platform-engine-1.9.1.jar:"/>
    <property name="sun.cpu.endian" value="little"/>
    <property name="user.home" value="/home/ilyas"/>
    <property name="user.language" value="en"/>
    <property name="java.specification.vendor" value="Oracle Corporation"/>
    <property name="java.version.date" value="2022-10-18"/>
    <property name="java.home" value="/usr/lib/jvm/java-11-openjdk-amd64"/>
    <property name="file.separator" value="/"/>
    <property name="basedir" value="/home/ilyas/Desktop/tweetoscope22_group-8_haowang_younesslaklouch_ilyasmoutawwakil/Tweet"/>
    <property name="java.vm.compressedOopsMode" value="Zero based"/>
    <property name="line.separator" value="&#10;"/>
    <property name="java.specification.name" value="Java Platform API Specification"/>
    <property name="java.vm.specification.vendor" value="Oracle Corporation"/>
    <property name="java.awt.graphicsenv" value="sun.awt.X11GraphicsEnvironment"/>
    <property name="surefire.real.class.path" value="/home/ilyas/Desktop/tweetoscope22_group-8_haowang_younesslaklouch_ilyasmoutawwakil/Tweet/target/surefire/surefirebooter9379266873164614035.jar"/>
    <property name="sun.management.compiler" value="HotSpot 64-Bit Tiered Compilers"/>
    <property name="java.runtime.version" value="11.0.17+8-post-Ubuntu-1ubuntu222.04"/>
    <property name="user.name" value="ilyas"/>
    <property name="path.separator" value=":"/>
    <property name="os.version" value="5.15.0-56-generic"/>
    <property name="java.runtime.name" value="OpenJDK Runtime Environment"/>
    <property name="file.encoding" value="UTF-8"/>
    <property name="java.vm.name" value="OpenJDK 64-Bit Server VM"/>
    <property name="localRepository" value="/home/ilyas/.m2/repository"/>
    <property name="java.vendor.url.bug" value="https://bugs.launchpad.net/ubuntu/+source/openjdk-lts"/>
    <property name="java.io.tmpdir" value="/tmp"/>
    <property name="java.version" value="11.0.17"/>
    <property name="user.dir" value="/home/ilyas/Desktop/tweetoscope22_group-8_haowang_younesslaklouch_ilyasmoutawwakil/Tweet"/>
    <property name="os.arch" value="amd64"/>
    <property name="java.vm.specification.name" value="Java Virtual Machine Specification"/>
    <property name="java.awt.printerjob" value="sun.print.PSPrinterJob"/>
    <property name="sun.os.patch.level" value="unknown"/>
    <property name="java.library.path" value="/usr/java/packages/lib:/usr/lib/x86_64-linux-gnu/jni:/lib/x86_64-linux-gnu:/usr/lib/x86_64-linux-gnu:/usr/lib/jni:/lib:/usr/lib"/>
    <property name="java.vm.info" value="mixed mode, sharing"/>
    <property name="java.vendor" value="Ubuntu"/>
    <property name="java.vm.version" value="11.0.17+8-post-Ubuntu-1ubuntu222.04"/>
    <property name="sun.io.unicode.encoding" value="UnicodeLittle"/>
    <property name="java.class.version" value="55.0"/>
  </properties>
  <testcase name="match" classname="tweetoscope.tweetsFilter.TextLengthFilterTest" time="0.161"/>
</testsuite>